<?xml version="1.0" encoding="UTF-8"?>
<testsuite name="it.unimi.di.sweng.scartino.TestGame" tests="1" skipped="0" failures="1" errors="0" timestamp="2024-11-14T17:22:48" hostname="MAPIX" time="0.662">
  <properties/>
  <testcase name="testProclamaVincitoreOPareggioGame()" classname="it.unimi.di.sweng.scartino.TestGame" time="0.662">
    <failure message="org.mockito.exceptions.base.MockitoException: &#10;Mockito cannot verify toString()&#10;toString() is too often used behind of scenes  (i.e. during String concatenation, in IDE debugging views). Verifying it may give inconsistent or hard to understand results. Not to mention that verifying toString() most likely hints awkward design (hard to explain in a short exception message. Trust me...)&#10;However, it is possible to stub toString(). Stubbing toString() smells a bit funny but there are rare, legitimate use cases." type="org.mockito.exceptions.base.MockitoException">org.mockito.exceptions.base.MockitoException: 
Mockito cannot verify toString()
toString() is too often used behind of scenes  (i.e. during String concatenation, in IDE debugging views). Verifying it may give inconsistent or hard to understand results. Not to mention that verifying toString() most likely hints awkward design (hard to explain in a short exception message. Trust me...)
However, it is possible to stub toString(). Stubbing toString() smells a bit funny but there are rare, legitimate use cases.
	at app//it.unimi.di.sweng.scartino.Player.toString(Player.java:35)
	at app//it.unimi.di.sweng.scartino.TestGame.testProclamaVincitoreOPareggioGame(TestGame.java:54)
	at java.base@19/java.lang.reflect.Method.invoke(Method.java:578)
	at java.base@19/java.util.ArrayList.forEach(ArrayList.java:1511)
	at java.base@19/java.util.ArrayList.forEach(ArrayList.java:1511)
</failure>
  </testcase>
  <system-out><![CDATA[]]></system-out>
  <system-err><![CDATA[]]></system-err>
</testsuite>
