<?xml version="1.0" encoding="UTF-8"?>
<testsuite name="it.unimi.di.sweng.temperature.model.TestPresenter" tests="1" skipped="0" failures="0" errors="0" timestamp="2024-11-28T16:21:32" hostname="MAPIX" time="1.002">
  <properties/>
  <testcase name="testActionPresenter()" classname="it.unimi.di.sweng.temperature.model.TestPresenter" time="1.002"/>
  <system-out><![CDATA[]]></system-out>
  <system-err><![CDATA[]]></system-err>
</testsuite>
