<?xml version="1.0" encoding="UTF-8"?>
<testsuite name="it.unimi.di.sweng.reverseindex.TestReader" tests="1" skipped="0" failures="0" errors="0" timestamp="2024-11-25T16:04:25" hostname="MAPIX" time="0.09">
  <properties/>
  <testcase name="testFromFileReader()" classname="it.unimi.di.sweng.reverseindex.TestReader" time="0.09"/>
  <system-out><![CDATA[]]></system-out>
  <system-err><![CDATA[]]></system-err>
</testsuite>
