<?xml version="1.0" encoding="UTF-8"?>
<testsuite name="it.unimi.di.sweng.temperature.IntegrationTest" tests="1" skipped="0" failures="0" errors="0" timestamp="2024-12-10T17:01:30" hostname="MAPIX" time="3.998">
  <properties/>
  <testcase name="twoTextFieldWithDifferentStrategies(FxRobot)" classname="it.unimi.di.sweng.temperature.IntegrationTest" time="3.998"/>
  <system-out><![CDATA[]]></system-out>
  <system-err><![CDATA[Dec 10, 2024 6:01:30 PM com.sun.javafx.application.PlatformImpl startup
WARNING: Unsupported JavaFX configuration: classes were loaded from 'unnamed module @6a370f4'
]]></system-err>
</testsuite>
